<?xml version="1.0" encoding="UTF-8"?>
<!-- Generated by org.testng.reporters.JUnitReportReporter -->
<testsuite hostname="KotiUpendra" failures="0" tests="2" name="Sample.TestNGHardAssertion" time="0.015" errors="0" timestamp="2024-10-28T10:27:13 IST" skipped="0">
  <testcase classname="Sample.TestNGHardAssertion" name="strictLevelComoarition" time="0.003"/>
  <testcase classname="Sample.TestNGHardAssertion" name="ContainsLevelComparition" time="0.012"/>
</testsuite> <!-- Sample.TestNGHardAssertion -->
