<?xml version="1.0" encoding="UTF-8"?>
<!-- Generated by org.testng.reporters.JUnitReportReporter -->
<testsuite hostname="KotiUpendra" failures="0" tests="1" name="Sample.TC_001" time="17.822" errors="0" timestamp="2024-10-30T09:17:20 IST" skipped="0">
  <testcase classname="Sample.TC_001" name="TestCase" time="17.822"/>
  <system-out/>
</testsuite> <!-- Sample.TC_001 -->
