<?xml version="1.0" encoding="UTF-8"?>
<!-- Generated by org.testng.reporters.JUnitReportReporter -->
<testsuite hostname="KotiUpendra" failures="0" tests="6" name="Sample.TestNGCase2" time="0.030" errors="0" timestamp="2024-10-27T10:37:00 IST" skipped="1">
  <testcase classname="Sample.TestNGCase2" name="createUser" time="0.003"/>
  <testcase classname="Sample.TestNGCase2" name="deleteUser" time="0.011"/>
  <testcase classname="Sample.TestNGCase2" name="modifyUser" time="0.004"/>
  <testcase classname="Sample.TestNGCase2" name="modifyUser" time="0.006"/>
  <testcase classname="Sample.TestNGCase2" name="modifyUser" time="0.006"/>
  <testcase classname="Sample.TestNGCase2" name="Login">
    <skipped/>
  </testcase> <!-- Login -->
</testsuite> <!-- Sample.TestNGCase2 -->
