<?xml version="1.0" encoding="UTF-8"?>
<!-- Generated by org.testng.reporters.JUnitReportReporter -->
<testsuite hostname="KotiUpendra" failures="0" tests="3" name="Sample.TestNGPractice" time="0.036" errors="0" timestamp="2024-10-26T10:01:48 IST" skipped="0">
  <testcase classname="Sample.TestNGPractice" name="deleteUser" time="0.021"/>
  <testcase classname="Sample.TestNGPractice" name="modifyUser" time="0.010"/>
  <testcase classname="Sample.TestNGPractice" name="createUser" time="0.005"/>
</testsuite> <!-- Sample.TestNGPractice -->
