<?xml version="1.0" encoding="UTF-8"?>
<!-- Generated by org.testng.reporters.JUnitReportReporter -->
<testsuite hostname="KotiUpendra" failures="0" tests="1" name="TC_Repo.LE_002" time="23.684" errors="0" timestamp="2024-11-05T11:50:50 IST" skipped="0">
  <testcase classname="TC_Repo.LE_002" name="TestCase2" time="23.684"/>
  <system-out/>
</testsuite> <!-- TC_Repo.LE_002 -->
